Running with gitlab-runner 18.11.3 (ad1797b3)
  on docker-runner wlsGhtFLB, system ID: r_JqgTTz2LFa5e
Preparing the "docker" executor
00:04
Using Docker executor with image returntocorp/semgrep:latest ...
Using effective pull policy of [always] for container returntocorp/semgrep:latest
Pulling docker image returntocorp/semgrep:latest ...
Using docker image sha256:9349edbadf90c3f3c0c3f55867625354e89680e6fa10d9034042af52fdb0e0d0 for returntocorp/semgrep:latest with digest returntocorp/semgrep@sha256:9349edbadf90c3f3c0c3f55867625354e89680e6fa10d9034042af52fdb0e0d0 ...
Preparing environment
00:00
Using effective pull policy of [always] for container sha256:571952e633d345c74af6458eda2948da99cf5315ce9017e1cab22a4c2226887c
Running on runner-wlsghtflb-project-1-concurrent-0 via 3e46688d37d2...
Getting source from Git repository
00:01
Gitaly correlation ID: 01KRSB3XMKBSPCXP32G31XE82X
Fetching changes with git depth set to 20...
Initialized empty Git repository in /builds/root/vulnerable-app/.git/
Created fresh repository.
Checking out 0ce91c84 as detached HEAD (ref is main)...
Skipping Git submodules setup
Executing "step_script" stage of the job script
00:05
Using effective pull policy of [always] for container returntocorp/semgrep:latest
Using docker image sha256:9349edbadf90c3f3c0c3f55867625354e89680e6fa10d9034042af52fdb0e0d0 for returntocorp/semgrep:latest with digest returntocorp/semgrep@sha256:9349edbadf90c3f3c0c3f55867625354e89680e6fa10d9034042af52fdb0e0d0 ...
$ semgrep --config sql-injection-rule.yaml ./ --error
               
               
┌─────────────┐
│ Scan Status │
└─────────────┘
  Scanning 33 files tracked by git with 4 Code rules:
  Scanning 3 files with 4 python rules.
                  
                  
┌────────────────┐
│ 1 Code Finding │
└────────────────┘
                 
    app/routes.py
   ❯❯❱ python-sql-injection-fstring-assign
          ❰❰ Blocking ❱❱
          Обнаружена SQL-инъекция
                                 
           25┆ query = f"SELECT * FROM users WHERE username = '{username}' AND password = '{password}'"  #
               SQL Injection                                                                              
           26┆ with sqlite3.connect(db_path) as conn:
           27┆     result = conn.execute(query).fetchone()
           28┆     if result:
           29┆         session['user'] = username
           30┆         return redirect('/dashboard')
           31┆     else:
           32┆         error = "Invalid credentials"
                
                
┌──────────────┐
│ Scan Summary │
└──────────────┘
✅ Scan completed successfully.
 • Findings: 1 (1 blocking)
 • Rules run: 4
 • Targets scanned: 3
 • Parsed lines: ~100.0%
 • Scan was limited to files tracked by git
 • For a detailed list of skipped files and lines, run semgrep with the --verbose flag
Ran 4 rules on 3 files: 1 finding.
Cleaning up project directory and file based variables
00:01
ERROR: Job failed: exit code 1